mode: set
github.com/logrusorgru/lifo/buffer.go:16.34,20.2 3 1
github.com/logrusorgru/lifo/buffer.go:25.52,26.35 1 1
github.com/logrusorgru/lifo/buffer.go:31.2,33.18 3 1
github.com/logrusorgru/lifo/buffer.go:26.35,30.3 3 1
github.com/logrusorgru/lifo/buffer.go:36.53,39.15 3 1
github.com/logrusorgru/lifo/buffer.go:48.2,48.8 1 1
github.com/logrusorgru/lifo/buffer.go:39.15,40.31 1 1
github.com/logrusorgru/lifo/buffer.go:40.31,41.24 1 0
github.com/logrusorgru/lifo/buffer.go:41.24,43.5 1 0
github.com/logrusorgru/lifo/buffer.go:43.5,45.5 1 0
github.com/logrusorgru/lifo/buffer.go:51.60,52.31 1 1
github.com/logrusorgru/lifo/buffer.go:66.2,66.8 1 1
github.com/logrusorgru/lifo/buffer.go:52.31,55.15 3 1
github.com/logrusorgru/lifo/buffer.go:58.3,59.15 2 1
github.com/logrusorgru/lifo/buffer.go:62.3,62.16 1 1
github.com/logrusorgru/lifo/buffer.go:55.15,57.4 1 1
github.com/logrusorgru/lifo/buffer.go:59.15,61.4 1 1
github.com/logrusorgru/lifo/buffer.go:62.16,64.4 1 1
github.com/logrusorgru/lifo/buffer.go:69.49,70.17 1 1
github.com/logrusorgru/lifo/buffer.go:74.2,74.18 1 1
github.com/logrusorgru/lifo/buffer.go:70.17,73.3 2 1
github.com/logrusorgru/lifo/buffer.go:77.48,79.15 2 1
github.com/logrusorgru/lifo/buffer.go:88.2,88.8 1 1
github.com/logrusorgru/lifo/buffer.go:79.15,80.31 1 1
github.com/logrusorgru/lifo/buffer.go:80.31,81.24 1 0
github.com/logrusorgru/lifo/buffer.go:81.24,83.5 1 0
github.com/logrusorgru/lifo/buffer.go:83.5,85.5 1 0
github.com/logrusorgru/lifo/buffer.go:91.28,93.2 1 1
github.com/logrusorgru/lifo/buffer.go:95.41,96.30 1 1
github.com/logrusorgru/lifo/buffer.go:96.30,101.3 4 1
github.com/logrusorgru/lifo/buffer.go:101.3,105.3 3 1
